# Logfile created on Fri Jun 05 08:28:19 -0400 2009REQUESTING PAGE: GET / with {} and HTTP headers {}
REQUESTING PAGE: GET / with {} and HTTP headers {}
REQUESTING PAGE: GET / with {} and HTTP headers {}
REQUESTING PAGE: GET / with {} and HTTP headers {}
REQUESTING PAGE: GET / with {} and HTTP headers {}
REQUESTING PAGE: GET / with {} and HTTP headers {}
REQUESTING PAGE: GET / with {} and HTTP headers {}
REQUESTING PAGE: GET / with {} and HTTP headers {}
REQUESTING PAGE: GET / with {} and HTTP headers {}
REQUESTING PAGE: GET / with {} and HTTP headers {}
REQUESTING PAGE: GET / with {} and HTTP headers {}
REQUESTING PAGE: GET / with {} and HTTP headers {}
REQUESTING PAGE: GET / with {} and HTTP headers {}
REQUESTING PAGE: GET / with {} and HTTP headers {}
REQUESTING PAGE: GET / with {} and HTTP headers {}
REQUESTING PAGE: GET / with {} and HTTP headers {}
REQUESTING PAGE: GET / with {} and HTTP headers {}
REQUESTING PAGE: GET / with {} and HTTP headers {}
REQUESTING PAGE: GET / with {} and HTTP headers {}
REQUESTING PAGE: GET / with {} and HTTP headers {}
REQUESTING PAGE: GET / with {} and HTTP headers {}
REQUESTING PAGE: GET / with {} and HTTP headers {}
REQUESTING PAGE: GET / with {} and HTTP headers {}
REQUESTING PAGE: GET / with {} and HTTP headers {}
REQUESTING PAGE: GET / with {} and HTTP headers {}
REQUESTING PAGE: GET / with {} and HTTP headers {}
REQUESTING PAGE: GET / with {} and HTTP headers {}
REQUESTING PAGE: GET / with {} and HTTP headers {}
REQUESTING PAGE: GET / with {} and HTTP headers {}
REQUESTING PAGE: GET / with {} and HTTP headers {}
REQUESTING PAGE: GET / with {} and HTTP headers {}
REQUESTING PAGE: GET / with {} and HTTP headers {}
REQUESTING PAGE: GET / with {} and HTTP headers {}
REQUESTING PAGE: GET / with {} and HTTP headers {}
REQUESTING PAGE: GET / with {} and HTTP headers {}
REQUESTING PAGE: GET / with {} and HTTP headers {}
REQUESTING PAGE: GET / with {} and HTTP headers {}
REQUESTING PAGE: GET / with {} and HTTP headers {}
REQUESTING PAGE: GET / with {} and HTTP headers {}
REQUESTING PAGE: GET / with {} and HTTP headers {}
REQUESTING PAGE: GET / with {} and HTTP headers {}
REQUESTING PAGE: GET / with {} and HTTP headers {}
REQUESTING PAGE: GET / with {} and HTTP headers {}
REQUESTING PAGE: GET / with {} and HTTP headers {}
REQUESTING PAGE: GET / with {} and HTTP headers {}
REQUESTING PAGE: GET / with {} and HTTP headers {}
REQUESTING PAGE: GET / with {} and HTTP headers {}
REQUESTING PAGE: GET / with {} and HTTP headers {}
REQUESTING PAGE: GET / with {} and HTTP headers {}
REQUESTING PAGE: GET / with {} and HTTP headers {}
REQUESTING PAGE: GET / with {} and HTTP headers {}
REQUESTING PAGE: GET / with {} and HTTP headers {}
REQUESTING PAGE: GET / with {} and HTTP headers {}
REQUESTING PAGE: GET / with {} and HTTP headers {}
REQUESTING PAGE: GET / with {} and HTTP headers {}
REQUESTING PAGE: GET / with {} and HTTP headers {}
REQUESTING PAGE: GET / with {} and HTTP headers {}
REQUESTING PAGE: GET / with {} and HTTP headers {}
REQUESTING PAGE: GET / with {} and HTTP headers {}
REQUESTING PAGE: GET / with {} and HTTP headers {}
REQUESTING PAGE: GET / with {} and HTTP headers {}
REQUESTING PAGE: GET / with {} and HTTP headers {}
REQUESTING PAGE: GET / with {} and HTTP headers {}
REQUESTING PAGE: GET / with {} and HTTP headers {}
REQUESTING PAGE: GET / with {} and HTTP headers {}
REQUESTING PAGE: GET / with {} and HTTP headers {}
REQUESTING PAGE: GET / with {} and HTTP headers {}
REQUESTING PAGE: GET / with {} and HTTP headers {}
REQUESTING PAGE: GET / with {} and HTTP headers {}
REQUESTING PAGE: GET / with {} and HTTP headers {}
REQUESTING PAGE: GET / with {} and HTTP headers {}
REQUESTING PAGE: GET / with {} and HTTP headers {}
REQUESTING PAGE: GET / with {} and HTTP headers {}
REQUESTING PAGE: GET / with {} and HTTP headers {}
REQUESTING PAGE: GET / with {} and HTTP headers {}
REQUESTING PAGE: GET / with {} and HTTP headers {}
REQUESTING PAGE: GET / with {} and HTTP headers {}
REQUESTING PAGE: GET / with {} and HTTP headers {}
REQUESTING PAGE: GET / with {} and HTTP headers {}
REQUESTING PAGE: GET / with {} and HTTP headers {}
REQUESTING PAGE: GET / with {} and HTTP headers {}
REQUESTING PAGE: GET / with {} and HTTP headers {}
REQUESTING PAGE: GET / with {} and HTTP headers {}
REQUESTING PAGE: GET / with {} and HTTP headers {}
REQUESTING PAGE: GET / with {} and HTTP headers {}
REQUESTING PAGE: GET / with {} and HTTP headers {}
REQUESTING PAGE: GET / with {} and HTTP headers {}
REQUESTING PAGE: GET / with {} and HTTP headers {}
REQUESTING PAGE: GET / with {} and HTTP headers {}
REQUESTING PAGE: GET / with {} and HTTP headers {}
REQUESTING PAGE: GET / with {} and HTTP headers {}
REQUESTING PAGE: GET / with {} and HTTP headers {}
REQUESTING PAGE: GET / with {} and HTTP headers {}
REQUESTING PAGE: GET / with {} and HTTP headers {}


Processing ApplicationController#index (for 127.0.0.1 at 2009-06-05 19:29:05) [GET]
REQUESTING PAGE: GET / with {} and HTTP headers {}


Processing ApplicationController#index (for 127.0.0.1 at 2009-06-05 19:29:13) [GET]
REQUESTING PAGE: GET / with {} and HTTP headers {}


Processing ApplicationController#index (for 127.0.0.1 at 2009-06-05 19:29:21) [GET]
REQUESTING PAGE: GET / with {} and HTTP headers {}


Processing ApplicationController#index (for 127.0.0.1 at 2009-06-05 19:41:41) [GET]
REQUESTING PAGE: GET / with {} and HTTP headers {}


Processing ApplicationController#index (for 127.0.0.1 at 2009-06-05 19:41:43) [GET]
REQUESTING PAGE: GET / with {} and HTTP headers {}


Processing ApplicationController#index (for 127.0.0.1 at 2009-06-05 19:41:44) [GET]
REQUESTING PAGE: GET / with {} and HTTP headers {}


Processing ApplicationController#index (for 127.0.0.1 at 2009-06-05 19:41:46) [GET]
REQUESTING PAGE: GET / with {} and HTTP headers {}


Processing ApplicationController#index (for 127.0.0.1 at 2009-06-05 19:41:47) [GET]
REQUESTING PAGE: GET / with {} and HTTP headers {}


Processing ApplicationController#index (for 127.0.0.1 at 2009-06-05 19:42:36) [GET]
REQUESTING PAGE: GET / with {} and HTTP headers {}


Processing ApplicationController#index (for 127.0.0.1 at 2009-06-05 19:42:37) [GET]
REQUESTING PAGE: GET / with {} and HTTP headers {}


Processing ApplicationController#index (for 127.0.0.1 at 2009-06-05 19:42:39) [GET]
REQUESTING PAGE: GET / with {} and HTTP headers {}


Processing TasksController#index (for 127.0.0.1 at 2009-06-05 19:43:50) [GET]


Processing ApplicationController#index (for 127.0.0.1 at 2009-06-05 19:43:50) [GET]
REQUESTING PAGE: GET / with {} and HTTP headers {}


Processing TasksController#index (for 127.0.0.1 at 2009-06-05 19:43:51) [GET]


Processing ApplicationController#index (for 127.0.0.1 at 2009-06-05 19:43:51) [GET]
REQUESTING PAGE: GET / with {} and HTTP headers {}


Processing TasksController#index (for 127.0.0.1 at 2009-06-06 10:22:17) [GET]
Rendering tasks/index
Completed in 11ms (View: 4, DB: 0) | 200 OK [http://www.example.com/]
REQUESTING PAGE: GET / with {} and HTTP headers {}


Processing TasksController#index (for 127.0.0.1 at 2009-06-06 10:33:16) [GET]
Rendering tasks/index
Completed in 14ms (View: 9, DB: 0) | 200 OK [http://www.example.com/]
  [4;36;1mTask Create (1.7ms)[0m   [0;1mINSERT INTO "tasks" ("name", "created_at", "updated_at") VALUES('Do Something', '2009-06-06 14:37:35', '2009-06-06 14:37:35')[0m
REQUESTING PAGE: GET / with {} and HTTP headers {}


Processing TasksController#index (for 127.0.0.1 at 2009-06-06 10:37:35) [GET]
Rendering tasks/index
Completed in 12ms (View: 4, DB: 2) | 200 OK [http://www.example.com/]
  [4;36;1mTask Create (1.8ms)[0m   [0;1mINSERT INTO "tasks" ("name", "created_at", "updated_at") VALUES('Do Something', '2009-06-06 14:38:48', '2009-06-06 14:38:48')[0m
REQUESTING PAGE: GET / with {} and HTTP headers {}


Processing TasksController#index (for 127.0.0.1 at 2009-06-06 10:38:48) [GET]
Rendering tasks/index


Processing ApplicationController#index (for 127.0.0.1 at 2009-06-06 10:38:48) [GET]
  [4;36;1mTask Create (2.5ms)[0m   [0;1mINSERT INTO "tasks" ("name", "created_at", "updated_at") VALUES('Do Something', '2009-06-06 14:41:13', '2009-06-06 14:41:13')[0m
REQUESTING PAGE: GET / with {} and HTTP headers {}


Processing TasksController#index (for 127.0.0.1 at 2009-06-06 10:41:13) [GET]
  [4;35;1mTask Load (1.5ms)[0m   [0mSELECT * FROM "tasks" [0m
Rendering tasks/index
Completed in 18ms (View: 5, DB: 4) | 200 OK [http://www.example.com/]
  [4;36;1mTask Create (1.4ms)[0m   [0;1mINSERT INTO "tasks" ("name", "created_at", "updated_at") VALUES('Do Something', '2009-06-06 14:41:24', '2009-06-06 14:41:24')[0m
REQUESTING PAGE: GET / with {} and HTTP headers {}


Processing TasksController#index (for 127.0.0.1 at 2009-06-06 10:41:24) [GET]
  [4;35;1mTask Load (1.2ms)[0m   [0mSELECT * FROM "tasks" [0m
Rendering tasks/index
Completed in 17ms (View: 6, DB: 3) | 200 OK [http://www.example.com/]
